<?xml version="1.0" encoding="UTF-8"?>
<testng-results skipped="0" failed="0" ignored="0" total="1" passed="1">
  <reporter-output>
  </reporter-output>
  <suite name="Default suite" duration-ms="41" started-at="2019-03-20T03:32:58Z" finished-at="2019-03-20T03:32:58Z">
    <groups>
    </groups>
    <test name="Default test" duration-ms="41" started-at="2019-03-20T03:32:58Z" finished-at="2019-03-20T03:32:58Z">
      <class name="com.jcp.seleniuma.SampleTest">
        <test-method status="PASS" signature="methodhello()[pri:0, instance:com.jcp.seleniuma.SampleTest@4501b7af]" name="methodhello" duration-ms="14" started-at="2019-03-19T22:32:58Z" finished-at="2019-03-19T22:32:58Z">
          <reporter-output>
          </reporter-output>
        </test-method> <!-- methodhello -->
      </class> <!-- com.jcp.seleniuma.SampleTest -->
    </test> <!-- Default test -->
  </suite> <!-- Default suite -->
</testng-results>
